0 info it worked if it ends with ok
1 verbose cli [ 'C:\\Program Files\\nodejs\\\\node.exe',
1 verbose cli   'C:\\Program Files\\nodejs\\node_modules\\npm\\bin\\npm-cli.js',
1 verbose cli   'install' ]
2 info using npm@2.7.4
3 info using node@v0.12.2
4 verbose node symlink C:\Program Files\nodejs\\node.exe
5 verbose install where, deps [ 'C:\\Users\\sreehari.puliyakkot\\projects\\boiler',
5 verbose install   [ 'karma',
5 verbose install     'karma-chrome-launcher',
5 verbose install     'karma-firefox-launcher',
5 verbose install     'karma-jasmine',
5 verbose install     'protractor',
5 verbose install     'http-server',
5 verbose install     'tmp',
5 verbose install     'bower',
5 verbose install     'shelljs' ] ]
6 verbose install where, peers [ 'C:\\Users\\sreehari.puliyakkot\\projects\\boiler', [] ]
7 info preinstall boiler@0.0.1
8 verbose already installed skipping shelljs@^0.2.6 C:\Users\sreehari.puliyakkot\projects\boiler
9 verbose already installed skipping karma@^0.12.16 C:\Users\sreehari.puliyakkot\projects\boiler
10 verbose already installed skipping karma-chrome-launcher@^0.1.4 C:\Users\sreehari.puliyakkot\projects\boiler
11 verbose already installed skipping karma-firefox-launcher@^0.1.3 C:\Users\sreehari.puliyakkot\projects\boiler
12 verbose already installed skipping karma-jasmine@~0.1.0 C:\Users\sreehari.puliyakkot\projects\boiler
13 verbose already installed skipping protractor@^2.1.0 C:\Users\sreehari.puliyakkot\projects\boiler
14 verbose already installed skipping http-server@^0.6.1 C:\Users\sreehari.puliyakkot\projects\boiler
15 verbose already installed skipping tmp@0.0.23 C:\Users\sreehari.puliyakkot\projects\boiler
16 verbose already installed skipping bower@^1.3.1 C:\Users\sreehari.puliyakkot\projects\boiler
17 silly install resolved []
18 info build C:\Users\sreehari.puliyakkot\projects\boiler
19 verbose linkStuff [ false,
19 verbose linkStuff   false,
19 verbose linkStuff   false,
19 verbose linkStuff   'C:\\Users\\sreehari.puliyakkot\\projects' ]
20 info linkStuff boiler@0.0.1
21 verbose linkBins boiler@0.0.1
22 verbose linkMans boiler@0.0.1
23 verbose rebuildBundles boiler@0.0.1
24 verbose rebuildBundles [ '.bin',
24 verbose rebuildBundles   'angular-animate',
24 verbose rebuildBundles   'bower',
24 verbose rebuildBundles   'http-server',
24 verbose rebuildBundles   'karma',
24 verbose rebuildBundles   'karma-chrome-launcher',
24 verbose rebuildBundles   'karma-firefox-launcher',
24 verbose rebuildBundles   'karma-jasmine',
24 verbose rebuildBundles   'protractor',
24 verbose rebuildBundles   'shelljs',
24 verbose rebuildBundles   'tmp' ]
25 verbose rebuild bundle C:\Users\sreehari.puliyakkot\projects\boiler\node_modules\angular-animate
26 info build C:\Users\sreehari.puliyakkot\projects\boiler\node_modules\angular-animate
27 info preinstall angular-animate@1.4.2
28 verbose linkStuff [ false,
28 verbose linkStuff   false,
28 verbose linkStuff   false,
28 verbose linkStuff   'C:\\Users\\sreehari.puliyakkot\\projects\\boiler\\node_modules' ]
29 info linkStuff angular-animate@1.4.2
30 verbose linkBins angular-animate@1.4.2
31 verbose linkMans angular-animate@1.4.2
32 verbose rebuildBundles angular-animate@1.4.2
33 info install angular-animate@1.4.2
34 info postinstall angular-animate@1.4.2
35 info install boiler@0.0.1
36 info postinstall boiler@0.0.1
37 verbose unsafe-perm in lifecycle true
38 info boiler@0.0.1 Failed to exec postinstall script
39 verbose stack Error: boiler@0.0.1 postinstall: `bower install`
39 verbose stack Exit status 1
39 verbose stack     at EventEmitter.<anonymous> (C:\Program Files\nodejs\node_modules\npm\lib\utils\lifecycle.js:213:16)
39 verbose stack     at EventEmitter.emit (events.js:110:17)
39 verbose stack     at ChildProcess.<anonymous> (C:\Program Files\nodejs\node_modules\npm\lib\utils\spawn.js:14:12)
39 verbose stack     at ChildProcess.emit (events.js:110:17)
39 verbose stack     at maybeClose (child_process.js:1015:16)
39 verbose stack     at Process.ChildProcess._handle.onexit (child_process.js:1087:5)
40 verbose pkgid boiler@0.0.1
41 verbose cwd C:\Users\sreehari.puliyakkot\projects\boiler
42 error Windows_NT 6.1.7601
43 error argv "C:\\Program Files\\nodejs\\\\node.exe" "C:\\Program Files\\nodejs\\node_modules\\npm\\bin\\npm-cli.js" "install"
44 error node v0.12.2
45 error npm  v2.7.4
46 error code ELIFECYCLE
47 error boiler@0.0.1 postinstall: `bower install`
47 error Exit status 1
48 error Failed at the boiler@0.0.1 postinstall script 'bower install'.
48 error This is most likely a problem with the boiler package,
48 error not with npm itself.
48 error Tell the author that this fails on your system:
48 error     bower install
48 error You can get their info via:
48 error     npm owner ls boiler
48 error There is likely additional logging output above.
49 verbose exit [ 1, true ]
